Starting E2E smoke test
E2E test crashed with exception:
Traceback (most recent call last):

  File "C:\Users\T R U T H\OneDrive\Documents\ST\Yr1\FULL STACK\Project FS\.venv\Lib\site-packages\urllib3\connection.py", line 198, in _new_conn
    sock = connection.create_connection(
        (self._dns_host, self.port),
    ...<2 lines>...
        socket_options=self.socket_options,
    )

  File "C:\Users\T R U T H\OneDrive\Documents\ST\Yr1\FULL STACK\Project FS\.venv\Lib\site-packages\urllib3\util\connection.py", line 85, in create_connection
    raise err

  File "C:\Users\T R U T H\OneDrive\Documents\ST\Yr1\FULL STACK\Project FS\.venv\Lib\site-packages\urllib3\util\connection.py", line 73, in create_connection
    sock.connect(sa)
    ~~~~~~~~~~~~^^^^

ConnectionRefusedError: [WinError 10061] No connection could be made because the target machine actively refused it


The above exception was the direct cause of the following exception:


Traceback (most recent call last):

  File "C:\Users\T R U T H\OneDrive\Documents\ST\Yr1\FULL STACK\Project FS\.venv\Lib\site-packages\urllib3\connectionpool.py", line 787, in urlopen
    response = self._make_request(
        conn,
    ...<10 lines>...
        **response_kw,
    )

  File "C:\Users\T R U T H\OneDrive\Documents\ST\Yr1\FULL STACK\Project FS\.venv\Lib\site-packages\urllib3\connectionpool.py", line 493, in _make_request
    conn.request(
    ~~~~~~~~~~~~^
        method,
        ^^^^^^^
    ...<6 lines>...
        enforce_content_length=enforce_content_length,
        ^^^^^^^^^^^^^^^^^^^^^^^^^^^^^^^^^^^^^^^^^^^^^^
    )
    ^

  File "C:\Users\T R U T H\OneDrive\Documents\ST\Yr1\FULL STACK\Project FS\.venv\Lib\site-packages\urllib3\connection.py", line 494, in request
    self.endheaders()
    ~~~~~~~~~~~~~~~^^

  File "C:\Users\T R U T H\AppData\Local\Programs\Python\Python314\Lib\http\client.py", line 1333, in endheaders
    self._send_output(message_body, encode_chunked=encode_chunked)
    ~~~~~~~~~~~~~~~~~^^^^^^^^^^^^^^^^^^^^^^^^^^^^^^^^^^^^^^^^^^^^^

  File "C:\Users\T R U T H\AppData\Local\Programs\Python\Python314\Lib\http\client.py", line 1093, in _send_output
    self.send(msg)
    ~~~~~~~~~^^^^^

  File "C:\Users\T R U T H\AppData\Local\Programs\Python\Python314\Lib\http\client.py", line 1037, in send
    self.connect()
    ~~~~~~~~~~~~^^

  File "C:\Users\T R U T H\OneDrive\Documents\ST\Yr1\FULL STACK\Project FS\.venv\Lib\site-packages\urllib3\connection.py", line 325, in connect
    self.sock = self._new_conn()
                ~~~~~~~~~~~~~~^^

  File "C:\Users\T R U T H\OneDrive\Documents\ST\Yr1\FULL STACK\Project FS\.venv\Lib\site-packages\urllib3\connection.py", line 213, in _new_conn
    raise NewConnectionError(
        self, f"Failed to establish a new connection: {e}"
    ) from e

urllib3.exceptions.NewConnectionError: <urllib3.connection.HTTPConnection object at 0x0000027685216F90>: Failed to establish a new connection: [WinError 10061] No connection could be made because the target machine actively refused it


The above exception was the direct cause of the following exception:


Traceback (most recent call last):

  File "C:\Users\T R U T H\OneDrive\Documents\ST\Yr1\FULL STACK\Project FS\.venv\Lib\site-packages\requests\adapters.py", line 644, in send
    resp = conn.urlopen(
        method=request.method,
    ...<9 lines>...
        chunked=chunked,
    )

  File "C:\Users\T R U T H\OneDrive\Documents\ST\Yr1\FULL STACK\Project FS\.venv\Lib\site-packages\urllib3\connectionpool.py", line 841, in urlopen
    retries = retries.increment(
        method, url, error=new_e, _pool=self, _stacktrace=sys.exc_info()[2]
    )

  File "C:\Users\T R U T H\OneDrive\Documents\ST\Yr1\FULL STACK\Project FS\.venv\Lib\site-packages\urllib3\util\retry.py", line 519, in increment
    raise MaxRetryError(_pool, url, reason) from reason  # type: ignore[arg-type]
    ^^^^^^^^^^^^^^^^^^^^^^^^^^^^^^^^^^^^^^^^^^^^^^^^^^^

urllib3.exceptions.MaxRetryError: HTTPConnectionPool(host='127.0.0.1', port=5000): Max retries exceeded with url: /customers/new (Caused by NewConnectionError('<urllib3.connection.HTTPConnection object at 0x0000027685216F90>: Failed to establish a new connection: [WinError 10061] No connection could be made because the target machine actively refused it'))


During handling of the above exception, another exception occurred:


Traceback (most recent call last):

  File "C:\Users\T R U T H\OneDrive\Documents\ST\Yr1\FULL STACK\Project FS\e2e_smoke_test.py", line 49, in <module>
    r = create_customer()

  File "C:\Users\T R U T H\OneDrive\Documents\ST\Yr1\FULL STACK\Project FS\e2e_smoke_test.py", line 16, in create_customer
    r = s.post(base + '/customers/new', data=data, allow_redirects=True)

  File "C:\Users\T R U T H\OneDrive\Documents\ST\Yr1\FULL STACK\Project FS\.venv\Lib\site-packages\requests\sessions.py", line 637, in post
    return self.request("POST", url, data=data, json=json, **kwargs)
           ~~~~~~~~~~~~^^^^^^^^^^^^^^^^^^^^^^^^^^^^^^^^^^^^^^^^^^^^^

  File "C:\Users\T R U T H\OneDrive\Documents\ST\Yr1\FULL STACK\Project FS\.venv\Lib\site-packages\requests\sessions.py", line 589, in request
    resp = self.send(prep, **send_kwargs)

  File "C:\Users\T R U T H\OneDrive\Documents\ST\Yr1\FULL STACK\Project FS\.venv\Lib\site-packages\requests\sessions.py", line 703, in send
    r = adapter.send(request, **kwargs)

  File "C:\Users\T R U T H\OneDrive\Documents\ST\Yr1\FULL STACK\Project FS\.venv\Lib\site-packages\requests\adapters.py", line 677, in send
    raise ConnectionError(e, request=request)

requests.exceptions.ConnectionError: HTTPConnectionPool(host='127.0.0.1', port=5000): Max retries exceeded with url: /customers/new (Caused by NewConnectionError('<urllib3.connection.HTTPConnection object at 0x0000027685216F90>: Failed to establish a new connection: [WinError 10061] No connection could be made because the target machine actively refused it'))
